Build started 18/12/2015 15:01:20.
     1>Project "D:\myDosProjectFinal2015\myDosProjectFinal2015\myProject1\myProject1\myProject1.vcxproj" on node 2 (build target(s)).
     1>InitializeBuildStatus:
         Creating "Debug\myProject1.unsuccessfulbuild" because "AlwaysCreate" was specified.
       GenerateTargetFrameworkMonikerAttribute:
       Skipping target "GenerateTargetFrameworkMonikerAttribute" because all output files are up-to-date with respect to the input files.
       ClCompile:
         C:\Program Files (x86)\Microsoft Visual Studio 10.0\VC\bin\CL.exe /c /AI"C:\Program Files (x86)\Reference Assemblies\Microsoft\Framework\.NETFramework\v4.0" /Zi /clr:pure /nologo /W3 /WX- /Od /Oy- /D WIN32 /D _DEBUG /D _UNICODE /D UNICODE /EHa /MDd /GS /fp:precise /Zc:wchar_t /Zc:forScope /Yc"StdAfx.h" /Fp"Debug\myProject1.pch" /Fo"Debug\\" /Fd"Debug\vc100.pdb" /TP /FU"C:\Program Files (x86)\Reference Assemblies\Microsoft\Framework\.NETFramework\v4.0\System.Core.dll" /FU"C:\Program Files (x86)\Reference Assemblies\Microsoft\Framework\.NETFramework\v4.0\System.Data.dll" /FU"C:\Program Files (x86)\Reference Assemblies\Microsoft\Framework\.NETFramework\v4.0\System.dll" /FU"C:\Program Files (x86)\Reference Assemblies\Microsoft\Framework\.NETFramework\v4.0\System.Drawing.dll" /FU"C:\Program Files (x86)\Reference Assemblies\Microsoft\Framework\.NETFramework\v4.0\System.Windows.Forms.DataVisualization.dll" /FU"C:\Program Files (x86)\Reference Assemblies\Microsoft\Framework\.NETFramework\v4.0\System.Windows.Forms.dll" /FU"C:\Program Files (x86)\Reference Assemblies\Microsoft\Framework\.NETFramework\v4.0\System.Xml.dll" /analyze- /errorReport:prompt stdafx.cpp /clr:nostdlib 
         stdafx.cpp
         C:\Program Files (x86)\Microsoft Visual Studio 10.0\VC\bin\CL.exe /c /AI"C:\Program Files (x86)\Reference Assemblies\Microsoft\Framework\.NETFramework\v4.0" /Zi /clr:pure /nologo /W3 /WX- /Od /Oy- /D WIN32 /D _DEBUG /D _UNICODE /D UNICODE /EHa /MDd /GS /fp:precise /Zc:wchar_t /Zc:forScope /Yu"StdAfx.h" /Fp"Debug\myProject1.pch" /Fo"Debug\\" /Fd"Debug\vc100.pdb" /TP /FU"C:\Program Files (x86)\Reference Assemblies\Microsoft\Framework\.NETFramework\v4.0\System.Core.dll" /FU"C:\Program Files (x86)\Reference Assemblies\Microsoft\Framework\.NETFramework\v4.0\System.Data.dll" /FU"C:\Program Files (x86)\Reference Assemblies\Microsoft\Framework\.NETFramework\v4.0\System.dll" /FU"C:\Program Files (x86)\Reference Assemblies\Microsoft\Framework\.NETFramework\v4.0\System.Drawing.dll" /FU"C:\Program Files (x86)\Reference Assemblies\Microsoft\Framework\.NETFramework\v4.0\System.Windows.Forms.DataVisualization.dll" /FU"C:\Program Files (x86)\Reference Assemblies\Microsoft\Framework\.NETFramework\v4.0\System.Windows.Forms.dll" /FU"C:\Program Files (x86)\Reference Assemblies\Microsoft\Framework\.NETFramework\v4.0\System.Xml.dll" /analyze- /errorReport:prompt Add_Student.cpp AssemblyInfo.cpp Cal.cpp Delete.cpp detailView.cpp Edit_Students.cpp Log_In.cpp ManuelCap.cpp myProject1.cpp staticForm.cpp Student.cpp /clr:nostdlib 
         Add_Student.cpp
         AssemblyInfo.cpp
         Cal.cpp
         Delete.cpp
         detailView.cpp
         Edit_Students.cpp
         Log_In.cpp
     1>d:\mydosprojectfinal2015\mydosprojectfinal2015\myproject1\myproject1\Form1.h(703): warning C4101: 'list' : unreferenced local variable
     1>d:\mydosprojectfinal2015\mydosprojectfinal2015\myproject1\myproject1\Form1.h(854): warning C4244: 'initializing' : conversion from 'double' to 'int', possible loss of data
     1>d:\mydosprojectfinal2015\mydosprojectfinal2015\myproject1\myproject1\Form1.h(858): warning C4244: 'initializing' : conversion from 'double' to 'int', possible loss of data
     1>d:\mydosprojectfinal2015\mydosprojectfinal2015\myproject1\myproject1\Form1.h(862): warning C4244: 'initializing' : conversion from 'double' to 'int', possible loss of data
     1>d:\mydosprojectfinal2015\mydosprojectfinal2015\myproject1\myproject1\Form1.h(866): warning C4244: 'initializing' : conversion from 'double' to 'int', possible loss of data
     1>d:\mydosprojectfinal2015\mydosprojectfinal2015\myproject1\myproject1\Form1.h(768): warning C4101: 'list' : unreferenced local variable
     1>d:\mydosprojectfinal2015\mydosprojectfinal2015\myproject1\myproject1\Form1.h(1243): warning C4244: 'initializing' : conversion from 'double' to 'int', possible loss of data
     1>d:\mydosprojectfinal2015\mydosprojectfinal2015\myproject1\myproject1\Form1.h(1206): warning C4101: 'list' : unreferenced local variable
     1>d:\mydosprojectfinal2015\mydosprojectfinal2015\myproject1\myproject1\Form1.h(1943): warning C4101: 'ex' : unreferenced local variable
         ManuelCap.cpp
     1>d:\mydosprojectfinal2015\mydosprojectfinal2015\myproject1\myproject1\ManuelCap.h(271): warning C4101: 'a' : unreferenced local variable
     1>d:\mydosprojectfinal2015\mydosprojectfinal2015\myproject1\myproject1\ManuelCap.h(312): warning C4101: 'list' : unreferenced local variable
     1>d:\mydosprojectfinal2015\mydosprojectfinal2015\myproject1\myproject1\ManuelCap.h(331): warning C4101: 'list' : unreferenced local variable
         myProject1.cpp
     1>d:\mydosprojectfinal2015\mydosprojectfinal2015\myproject1\myproject1\Form1.h(703): warning C4101: 'list' : unreferenced local variable
     1>d:\mydosprojectfinal2015\mydosprojectfinal2015\myproject1\myproject1\Form1.h(854): warning C4244: 'initializing' : conversion from 'double' to 'int', possible loss of data
     1>d:\mydosprojectfinal2015\mydosprojectfinal2015\myproject1\myproject1\Form1.h(858): warning C4244: 'initializing' : conversion from 'double' to 'int', possible loss of data
     1>d:\mydosprojectfinal2015\mydosprojectfinal2015\myproject1\myproject1\Form1.h(862): warning C4244: 'initializing' : conversion from 'double' to 'int', possible loss of data
     1>d:\mydosprojectfinal2015\mydosprojectfinal2015\myproject1\myproject1\Form1.h(866): warning C4244: 'initializing' : conversion from 'double' to 'int', possible loss of data
     1>d:\mydosprojectfinal2015\mydosprojectfinal2015\myproject1\myproject1\Form1.h(768): warning C4101: 'list' : unreferenced local variable
     1>d:\mydosprojectfinal2015\mydosprojectfinal2015\myproject1\myproject1\Form1.h(1243): warning C4244: 'initializing' : conversion from 'double' to 'int', possible loss of data
     1>d:\mydosprojectfinal2015\mydosprojectfinal2015\myproject1\myproject1\Form1.h(1206): warning C4101: 'list' : unreferenced local variable
     1>d:\mydosprojectfinal2015\mydosprojectfinal2015\myproject1\myproject1\Form1.h(1943): warning C4101: 'ex' : unreferenced local variable
         staticForm.cpp
         Student.cpp
         Generating Code...
         C:\Program Files (x86)\Microsoft Visual Studio 10.0\VC\bin\CL.exe /c /Zi /clr:pure /nologo /W3 /WX- /Od /Oy- /D WIN32 /D _DEBUG /D _UNICODE /D UNICODE /EHa /MDd /GS /fp:precise /Zc:wchar_t /Zc:forScope /Fo"Debug\\" /Fd"Debug\vc100.pdb" /TP /analyze- /errorReport:prompt "C:\Users\owner\AppData\Local\Temp\.NETFramework,Version=v4.0.AssemblyAttributes.cpp"
         .NETFramework,Version=v4.0.AssemblyAttributes.cpp
       CoreResGen:
         "C:\Program Files (x86)\Microsoft SDKs\Windows\v7.0A\bin\NETFX 4.0 Tools\resgen.exe" /useSourcePath /r:"C:\Program Files (x86)\Reference Assemblies\Microsoft\Framework\.NETFramework\v4.0\System.Core.dll" /r:"C:\Program Files (x86)\Reference Assemblies\Microsoft\Framework\.NETFramework\v4.0\System.Data.dll" /r:"C:\Program Files (x86)\Reference Assemblies\Microsoft\Framework\.NETFramework\v4.0\System.dll" /r:"C:\Program Files (x86)\Reference Assemblies\Microsoft\Framework\.NETFramework\v4.0\System.Drawing.dll" /r:"C:\Program Files (x86)\Reference Assemblies\Microsoft\Framework\.NETFramework\v4.0\System.Windows.Forms.DataVisualization.dll" /r:"C:\Program Files (x86)\Reference Assemblies\Microsoft\Framework\.NETFramework\v4.0\System.Windows.Forms.dll" /r:"C:\Program Files (x86)\Reference Assemblies\Microsoft\Framework\.NETFramework\v4.0\System.Xml.dll" /compile Cal.resx,Debug\myProject1.Cal.resources Form1.resX,Debug\myProject1.Form1.resources Log_In.resx,Debug\myProject1.Log_In.resources Student.resx,Debug\myProject1.Student.resources detailView.resx,Debug\myProject1.detailView.resources staticForm.resx,Debug\myProject1.staticForm.resources
         Processing resource file "Cal.resx" into "Debug\myProject1.Cal.resources".
         Processing resource file "Form1.resX" into "Debug\myProject1.Form1.resources".
         Processing resource file "Log_In.resx" into "Debug\myProject1.Log_In.resources".
         Processing resource file "Student.resx" into "Debug\myProject1.Student.resources".
         Processing resource file "detailView.resx" into "Debug\myProject1.detailView.resources".
         Processing resource file "staticForm.resx" into "Debug\myProject1.staticForm.resources".
       ResourceCompile:
         C:\Program Files (x86)\Microsoft SDKs\Windows\v7.0A\bin\rc.exe /D _UNICODE /D UNICODE /l"0x0409" /nologo /fo"Debug\app.res" app.rc 
       Link:
         C:\Program Files (x86)\Microsoft Visual Studio 10.0\VC\bin\link.exe /ERRORREPORT:PROMPT /OUT:"D:\myDosProjectFinal2015\myDosProjectFinal2015\myProject1\Debug\myProject1.exe" /INCREMENTAL /NOLOGO /ASSEMBLYRESOURCE:Debug\myProject1.Cal.resources /ASSEMBLYRESOURCE:Debug\myProject1.detailView.resources /ASSEMBLYRESOURCE:Debug\myProject1.Form1.resources /ASSEMBLYRESOURCE:Debug\myProject1.Log_In.resources /ASSEMBLYRESOURCE:Debug\myProject1.staticForm.resources /ASSEMBLYRESOURCE:Debug\myProject1.Student.resources /MANIFEST /ManifestFile:"Debug\myProject1.exe.intermediate.manifest" /MANIFESTUAC:"level='asInvoker' uiAccess='false'" /DEBUG /PDB:"D:\myDosProjectFinal2015\myDosProjectFinal2015\myProject1\Debug\myProject1.pdb" /ASSEMBLYDEBUG /SUBSYSTEM:WINDOWS /TLBID:1 /ENTRY:"main" /DYNAMICBASE /FIXED:NO /NXCOMPAT /MACHINE:X86 Debug\app.res
         Debug\Add_Student.obj
         Debug\AssemblyInfo.obj
         Debug\Cal.obj
         Debug\Delete.obj
         Debug\detailView.obj
         Debug\Edit_Students.obj
         Debug\Log_In.obj
         Debug\ManuelCap.obj
         Debug\myProject1.obj
         Debug\staticForm.obj
         Debug\stdafx.obj
         Debug\Student.obj
         "Debug\.NETFramework,Version=v4.0.AssemblyAttributes.obj"
         myProject1.vcxproj -> D:\myDosProjectFinal2015\myDosProjectFinal2015\myProject1\Debug\myProject1.exe
       Manifest:
         C:\Program Files (x86)\Microsoft SDKs\Windows\v7.0A\bin\mt.exe /nologo /verbose /outputresource:"D:\myDosProjectFinal2015\myDosProjectFinal2015\myProject1\Debug\myProject1.exe;#1" /manifest Debug\myProject1.exe.intermediate.manifest
       FinalizeBuildStatus:
         Deleting file "Debug\myProject1.unsuccessfulbuild".
         Touching "Debug\myProject1.lastbuildstate".
     1>Done Building Project "D:\myDosProjectFinal2015\myDosProjectFinal2015\myProject1\myProject1\myProject1.vcxproj" (build target(s)).

Build succeeded.

Time Elapsed 00:00:03.38
