C:\Users\berka\Desktop\myProject2015\myProject1\Debug\myProject1.exe
C:\USERS\BERKA\DESKTOP\MYPROJECT2015\MYPROJECT1\MYPROJECT1\DEBUG\.NETFRAMEWORK,VERSION=V4.0.ASSEMBLYATTRIBUTES.OBJ
C:\USERS\BERKA\DESKTOP\MYPROJECT2015\MYPROJECT1\MYPROJECT1\DEBUG\APP.RES
C:\USERS\BERKA\DESKTOP\MYPROJECT2015\MYPROJECT1\MYPROJECT1\DEBUG\ASSEMBLYINFO.OBJ
C:\USERS\BERKA\DESKTOP\MYPROJECT2015\MYPROJECT1\MYPROJECT1\DEBUG\CAL.OBJ
C:\Users\berka\Desktop\myProject2015\myProject1\myProject1\Debug\cl.command.1.tlog
C:\Users\berka\Desktop\myProject2015\myProject1\myProject1\Debug\CL.read.1.tlog
C:\Users\berka\Desktop\myProject2015\myProject1\myProject1\Debug\CL.write.1.tlog
C:\USERS\BERKA\DESKTOP\MYPROJECT2015\MYPROJECT1\MYPROJECT1\DEBUG\DETAILVIEW.OBJ
C:\Users\berka\Desktop\myProject2015\myProject1\myProject1\Debug\GenerateResource.read.153.tlog
C:\Users\berka\Desktop\myProject2015\myProject1\myProject1\Debug\GenerateResource.write.153.tlog
C:\Users\berka\Desktop\myProject2015\myProject1\myProject1\Debug\link.command.1.tlog
C:\Users\berka\Desktop\myProject2015\myProject1\myProject1\Debug\link.read.1.tlog
C:\Users\berka\Desktop\myProject2015\myProject1\myProject1\Debug\link.write.1.tlog
C:\USERS\BERKA\DESKTOP\MYPROJECT2015\MYPROJECT1\MYPROJECT1\DEBUG\MANUELCAP.OBJ
C:\USERS\BERKA\DESKTOP\MYPROJECT2015\MYPROJECT1\MYPROJECT1\DEBUG\MYPROJECT1.CAL.RESOURCES
C:\USERS\BERKA\DESKTOP\MYPROJECT2015\MYPROJECT1\MYPROJECT1\DEBUG\MYPROJECT1.DETAILVIEW.RESOURCES
C:\USERS\BERKA\DESKTOP\MYPROJECT2015\MYPROJECT1\MYPROJECT1\DEBUG\MYPROJECT1.FORM1.RESOURCES
C:\USERS\BERKA\DESKTOP\MYPROJECT2015\MYPROJECT1\MYPROJECT1\DEBUG\MYPROJECT1.MANUELCAP.RESOURCES
C:\USERS\BERKA\DESKTOP\MYPROJECT2015\MYPROJECT1\MYPROJECT1\DEBUG\MYPROJECT1.OBJ
C:\USERS\BERKA\DESKTOP\MYPROJECT2015\MYPROJECT1\MYPROJECT1\DEBUG\MYPROJECT1.PCH
C:\USERS\BERKA\DESKTOP\MYPROJECT2015\MYPROJECT1\MYPROJECT1\DEBUG\MYPROJECT1.STATICFORM.RESOURCES
C:\Users\berka\Desktop\myProject2015\myProject1\myProject1\Debug\myProject1.write.1.tlog
C:\Users\berka\Desktop\myProject2015\myProject1\myProject1\Debug\rc.command.1.tlog
C:\Users\berka\Desktop\myProject2015\myProject1\myProject1\Debug\rc.read.1.tlog
C:\Users\berka\Desktop\myProject2015\myProject1\myProject1\Debug\rc.write.1.tlog
C:\USERS\BERKA\DESKTOP\MYPROJECT2015\MYPROJECT1\MYPROJECT1\DEBUG\STATICFORM.OBJ
C:\USERS\BERKA\DESKTOP\MYPROJECT2015\MYPROJECT1\MYPROJECT1\DEBUG\STDAFX.OBJ
C:\USERS\BERKA\DESKTOP\MYPROJECT2015\MYPROJECT1\MYPROJECT1\DEBUG\VC100.PDB
